Added Component: Designator=C1(C_0603)
Added Component: Designator=C2(1206)
Add component (AddParameter): Name = "LatestRevisionDate"; Value = "17-Jul-2002"; VariantName = "[No Variations]"
Add component (AddParameter): Name = "LatestRevisionNote"; Value = "Re-released for DXP Platform."; VariantName = "[No Variations]"
Add component (AddParameter): Name = "PackageDescription"; Value = "Polarized Capacitor (Radial); 2 Leads"; VariantName = "[No Variations]"
Add component (AddParameter): Name = "PackageReference"; Value = "RB7.6-15"; VariantName = "[No Variations]"
Add component (AddParameter): Name = "Published"; Value = "8-Jun-2000"; VariantName = "[No Variations]"
Add component (AddParameter): Name = "Publisher"; Value = "Altium Limited"; VariantName = "[No Variations]"
Add component (AddParameter): Name = "Value"; Value = "100pF"; VariantName = "[No Variations]"
Added Component: Designator=C3(1206)
Add component (AddParameter): Name = "LatestRevisionDate"; Value = "17-Jul-2002"; VariantName = "[No Variations]"
Add component (AddParameter): Name = "LatestRevisionNote"; Value = "Re-released for DXP Platform."; VariantName = "[No Variations]"
Add component (AddParameter): Name = "PackageDescription"; Value = "Polarized Capacitor (Radial); 2 Leads"; VariantName = "[No Variations]"
Add component (AddParameter): Name = "PackageReference"; Value = "RB7.6-15"; VariantName = "[No Variations]"
Add component (AddParameter): Name = "Published"; Value = "8-Jun-2000"; VariantName = "[No Variations]"
Add component (AddParameter): Name = "Publisher"; Value = "Altium Limited"; VariantName = "[No Variations]"
Add component (AddParameter): Name = "Value"; Value = "100pF"; VariantName = "[No Variations]"
Added Component: Designator=C4(1206)
Add component (AddParameter): Name = "LatestRevisionDate"; Value = "17-Jul-2002"; VariantName = "[No Variations]"
Add component (AddParameter): Name = "LatestRevisionNote"; Value = "Re-released for DXP Platform."; VariantName = "[No Variations]"
Add component (AddParameter): Name = "PackageDescription"; Value = "Polarized Capacitor (Radial); 2 Leads"; VariantName = "[No Variations]"
Add component (AddParameter): Name = "PackageReference"; Value = "RB7.6-15"; VariantName = "[No Variations]"
Add component (AddParameter): Name = "Published"; Value = "8-Jun-2000"; VariantName = "[No Variations]"
Add component (AddParameter): Name = "Publisher"; Value = "Altium Limited"; VariantName = "[No Variations]"
Add component (AddParameter): Name = "Value"; Value = "100pF"; VariantName = "[No Variations]"
Added Component: Designator=C5(C_0603)
Added Component: Designator=C6(C_0603)
Added Component: Designator=D1(SOD-123)
Added Component: Designator=F1(C1206)
Added Component: Designator=L1(L_1210)
Add component (AddParameter): Name = "Published"; Value = "8-Jun-2000"; VariantName = "[No Variations]"
Add component (AddParameter): Name = "Publisher"; Value = "Altium Limited"; VariantName = "[No Variations]"
Add component (AddParameter): Name = "Revision"; Value = "July-2002: Re-released for DXP Platform."; VariantName = "[No Variations]"
Add component (AddParameter): Name = "Value"; Value = "47UH"; VariantName = "[No Variations]"
Added Component: Designator=LED1(LED-0603)
Added Component: Designator=M1(MOTOR)
Add component (AddParameter): Name = "LatestRevisionDate"; Value = "17-Jul-2002"; VariantName = "[No Variations]"
Add component (AddParameter): Name = "LatestRevisionNote"; Value = "Re-released for DXP Platform."; VariantName = "[No Variations]"
Add component (AddParameter): Name = "PackageDescription"; Value = "Capacitor (Radial); 2 Leads"; VariantName = "[No Variations]"
Add component (AddParameter): Name = "PackageReference"; Value = "RB5-10.5"; VariantName = "[No Variations]"
Add component (AddParameter): Name = "Published"; Value = "24-Mar-1999"; VariantName = "[No Variations]"
Add component (AddParameter): Name = "Publisher"; Value = "Altium Limited"; VariantName = "[No Variations]"
Added Component: Designator=P1(HDR1X4)
Add component (AddParameter): Name = "LatestRevisionDate"; Value = "17-Jul-2002"; VariantName = "[No Variations]"
Add component (AddParameter): Name = "LatestRevisionNote"; Value = "Re-released for DXP Platform."; VariantName = "[No Variations]"
Add component (AddParameter): Name = "Publisher"; Value = "Altium Limited"; VariantName = "[No Variations]"
Added Component: Designator=Q1(SOT-23(SOT-23-3))
Add component (AddParameter): Name = "PackageReference"; Value = "SOT23-3"; VariantName = "[No Variations]"
Add component (AddParameter): Name = "Published"; Value = "8-August-2017"; VariantName = "[No Variations]"
Add component (AddParameter): Name = "Publisher"; Value = "mazhongwei"; VariantName = "[No Variations]"
Added Component: Designator=R1(R_0603)
Add component (AddParameter): Name = "LatestRevisionDate"; Value = "17-Jul-2002"; VariantName = "[No Variations]"
Add component (AddParameter): Name = "LatestRevisionNote"; Value = "Re-released for DXP Platform."; VariantName = "[No Variations]"
Add component (AddParameter): Name = "Published"; Value = "8-Jun-2000"; VariantName = "[No Variations]"
Add component (AddParameter): Name = "Publisher"; Value = "Altium Limited"; VariantName = "[No Variations]"
Add component (AddParameter): Name = "Value"; Value = "10K"; VariantName = "[No Variations]"
Added Component: Designator=R2(R_0603)
Add component (AddParameter): Name = "LatestRevisionDate"; Value = "17-Jul-2002"; VariantName = "[No Variations]"
Add component (AddParameter): Name = "LatestRevisionNote"; Value = "Re-released for DXP Platform."; VariantName = "[No Variations]"
Add component (AddParameter): Name = "Published"; Value = "8-Jun-2000"; VariantName = "[No Variations]"
Add component (AddParameter): Name = "Publisher"; Value = "Altium Limited"; VariantName = "[No Variations]"
Add component (AddParameter): Name = "Value"; Value = "10K"; VariantName = "[No Variations]"
Added Component: Designator=R3(R_0603)
Add component (AddParameter): Name = "LatestRevisionDate"; Value = "17-Jul-2002"; VariantName = "[No Variations]"
Add component (AddParameter): Name = "LatestRevisionNote"; Value = "Re-released for DXP Platform."; VariantName = "[No Variations]"
Add component (AddParameter): Name = "Published"; Value = "8-Jun-2000"; VariantName = "[No Variations]"
Add component (AddParameter): Name = "Publisher"; Value = "Altium Limited"; VariantName = "[No Variations]"
Add component (AddParameter): Name = "Value"; Value = "10K"; VariantName = "[No Variations]"
Added Component: Designator=SW1(SWITCH_PWR)
Add component (AddParameter): Name = "ComponentLink1Description"; Value = "Manufacturer Link"; VariantName = "[No Variations]"
Add component (AddParameter): Name = "ComponentLink1URL"; Value = "http://www.apem.com"; VariantName = "[No Variations]"
Add component (AddParameter): Name = "DatasheetVersion"; Value = "05-Dec-2000"; VariantName = "[No Variations]"
Add component (AddParameter): Name = "LatestRevisionDate"; Value = "17-Dec-2003"; VariantName = "[No Variations]"
Add component (AddParameter): Name = "LatestRevisionNote"; Value = "Schematic revised, PCB Footprint replaced."; VariantName = "[No Variations]"
Add component (AddParameter): Name = "PackageDescription"; Value = "Switch; 4 Leads"; VariantName = "[No Variations]"
Add component (AddParameter): Name = "PackageReference"; Value = "TL36WW15050"; VariantName = "[No Variations]"
Add component (AddParameter): Name = "Published"; Value = "24-Mar-1999"; VariantName = "[No Variations]"
Add component (AddParameter): Name = "Publisher"; Value = "Altium Limited"; VariantName = "[No Variations]"
Added Component: Designator=U1(SOT-89(SOT-89-3))
Added Component: Designator=U2(SOT-23(SOT-23-3))
Added Component: Designator=VBAT1(BAT)
Added Pin To Net: NetName=NetC1_1 Pin=C1-1
Added Pin To Net: NetName=5V Pin=C1-2
Added Pin To Net: NetName=GND Pin=C2-1
Added Pin To Net: NetName=5V Pin=C2-2
Added Pin To Net: NetName=GND Pin=C3-1
Added Pin To Net: NetName=3.3V Pin=C3-2
Added Pin To Net: NetName=GND Pin=C4-1
Added Pin To Net: NetName=3.3V Pin=C4-2
Added Pin To Net: NetName=5V Pin=C5-1
Added Pin To Net: NetName=GND Pin=C5-2
Added Pin To Net: NetName=3.3V Pin=C6-1
Added Pin To Net: NetName=GND Pin=C6-2
Added Pin To Net: NetName=NetD1_1 Pin=D1-1
Added Pin To Net: NetName=5V Pin=D1-2
Added Pin To Net: NetName=NetF1_1 Pin=F1-1
Added Pin To Net: NetName=BAT Pin=F1-2
Added Pin To Net: NetName=4.2V Pin=L1-1
Added Pin To Net: NetName=NetD1_1 Pin=L1-2
Added Pin To Net: NetName=NetLED1_1 Pin=LED1-1
Added Pin To Net: NetName=5V Pin=M1-1
Added Pin To Net: NetName=NetC1_1 Pin=M1-2
Added Pin To Net: NetName=5V Pin=P1-1
Added Pin To Net: NetName=GND Pin=P1-2
Added Pin To Net: NetName=PWM Pin=P1-3
Added Pin To Net: NetName=NetQ1_1 Pin=Q1-1
Added Pin To Net: NetName=GND Pin=Q1-2
Added Pin To Net: NetName=NetC1_1 Pin=Q1-3
Added Pin To Net: NetName=3.3V Pin=R1-1
Added Pin To Net: NetName=NetLED1_1 Pin=R1-2
Added Pin To Net: NetName=PWM Pin=R2-1
Added Pin To Net: NetName=NetQ1_1 Pin=R2-2
Added Pin To Net: NetName=GND Pin=R3-1
Added Pin To Net: NetName=NetQ1_1 Pin=R3-2
Added Pin To Net: NetName=4.2V Pin=SW1-1
Added Pin To Net: NetName=NetF1_1 Pin=SW1-2
Added Pin To Net: NetName=BAT Pin=SW1-3
Added Pin To Net: NetName=GND Pin=U1-1
Added Pin To Net: NetName=5V Pin=U1-2
Added Pin To Net: NetName=5V Pin=U1-2
Added Pin To Net: NetName=NetD1_1 Pin=U1-3
Added Pin To Net: NetName=GND Pin=U2-1
Added Pin To Net: NetName=3.3V Pin=U2-2
Added Pin To Net: NetName=5V Pin=U2-3
Added Pin To Net: NetName=BAT Pin=VBAT1-1
Added Pin To Net: NetName=GND Pin=VBAT1-2
Added Pin To Net: NetName=LED Pin=LED1-2
Added Pin To Net: NetName=LED Pin=P1-4
Added Net: Name=LED
Added Member To Class: ClassName=Sheet1 Member=Component C1 104
Added Member To Class: ClassName=Sheet1 Member=Component C2 47UF
Added Member To Class: ClassName=Sheet1 Member=Component C3 47UF
Added Member To Class: ClassName=Sheet1 Member=Component C4 47UF
Added Member To Class: ClassName=Sheet1 Member=Component C5 104
Added Member To Class: ClassName=Sheet1 Member=Component C6 104
Added Member To Class: ClassName=Sheet1 Member=Component D1 S4
Added Member To Class: ClassName=Sheet1 Member=Component F1 1A
Added Member To Class: ClassName=Sheet1 Member=Component L1 Inductor Chip
Added Member To Class: ClassName=Sheet1 Member=Component LED1 R_LED
Added Member To Class: ClassName=Sheet1 Member=Component M1 Magnet
Added Member To Class: ClassName=Sheet1 Member=Component P1 Header 4
Added Member To Class: ClassName=Sheet1 Member=Component Q1 SI2302
Added Member To Class: ClassName=Sheet1 Member=Component R1 10K
Added Member To Class: ClassName=Sheet1 Member=Component R2 1K
Added Member To Class: ClassName=Sheet1 Member=Component R3 10K
Added Member To Class: ClassName=Sheet1 Member=Component SW1 SW-SPDT
Added Member To Class: ClassName=Sheet1 Member=Component U1 BL8530
Added Member To Class: ClassName=Sheet1 Member=Component U2 662K
Added Member To Class: ClassName=Sheet1 Member=Component VBAT1 DC4.2V
Added Room: Name=Sheet1
